Itouzi/build/outputs/logs/manifest-merger-debug-report.txt
-- Merging decision tree log ---
manifest
ADDED from src\main\AndroidManifest.xml:1:55-10:129
INJECTED from src\main\AndroidManifest.xml:1:55-10:129
INJECTED from src\main\AndroidManifest.xml:1:55-10:129
INJECTED from src\main\AndroidManifest.xml:1:55-10:129
INJECTED from src\main\AndroidManifest.xml:1:55-10:129
	package
		ADDED from src\main\AndroidManifest.xml:1:174-204
	android:versionName
		ADDED from src\main\AndroidManifest.xml:1:148-173
		INJECTED from src\main\AndroidManifest.xml
		INJECTED from src\main\AndroidManifest.xml
	xmlns:android
		ADDED from src\main\AndroidManifest.xml:1:65-123
	android:versionCode
		ADDED from src\main\AndroidManifest.xml:1:124-147
		INJECTED from src\main\AndroidManifest.xml
		INJECTED from src\main\AndroidManifest.xml
application
ADDED from src\main\AndroidManifest.xml:2:5-9:19
	android:label
		ADDED from src\main\AndroidManifest.xml:2:55-87
	android:icon
		ADDED from src\main\AndroidManifest.xml:2:18-54
activity#com.antourong.itouzi.EmptySplashActivity
ADDED from src\main\AndroidManifest.xml:3:9-8:20
	android:label
		ADDED from src\main\AndroidManifest.xml:3:19-51
	android:name
		ADDED from src\main\AndroidManifest.xml:3:52-86
intent-filter#android.intent.action.MAIN+android.intent.category.LAUNCHER
ADDED from src\main\AndroidManifest.xml:4:13-7:29
action#android.intent.action.MAIN
ADDED from src\main\AndroidManifest.xml:5:17-68
	android:name
		ADDED from src\main\AndroidManifest.xml:5:25-66
category#android.intent.category.LAUNCHER
ADDED from src\main\AndroidManifest.xml:6:17-76
	android:name
		ADDED from src\main\AndroidManifest.xml:6:27-74
instrumentation
ADDED from src\main\AndroidManifest.xml:10:1-118
	android:targetPackage
		ADDED from src\main\AndroidManifest.xml:10:72-116
	android:name
		ADDED from src\main\AndroidManifest.xml:10:18-71
uses-sdk
INJECTED from src\main\AndroidManifest.xml reason: use-sdk injection requested
INJECTED from src\main\AndroidManifest.xml
INJECTED from src\main\AndroidManifest.xml
	android:minSdkVersion
		INJECTED from src\main\AndroidManifest.xml
		ADDED from src\main\AndroidManifest.xml
		INJECTED from src\main\AndroidManifest.xml